START new backup script on Tue Feb 16 13:37:25 PST 2016
    Starting to backup </home/bsb> at 
    END Done backing up </home/bsb> on 
START new backup script on Tue Feb 16 13:38:01 PST 2016
    Starting to backup </home/bsb> at 
    END Done backing up </home/bsb> on 
START new backup script on Wed Feb 17 01:01:01 PST 2016
    Starting to backup </home/bsb> at 
    END Done backing up </home/bsb> on 
START new backup script on Thu Feb 18 01:01:01 PST 2016
    Starting to backup </home/bsb> at 
    END Done backing up </home/bsb> on 
START new backup script on Thu Mar 24 14:12:43 PDT 2016
    Starting to backup </home/bsb> at 
    END Done backing up </home/bsb> on 
START new backup script on Fri Mar 25 01:01:01 PDT 2016
    Starting to backup </home/bsb> at 
    END Done backing up </home/bsb> on 
START new backup script on Sat Mar 26 01:01:01 PDT 2016
    Starting to backup </home/bsb> to </media/InternalDrive/Backups/NpsDesktop/dailyodd/> at Sat Mar 26 01:01:01 PDT 2016
    END: Complted at Sat Mar 26 01:01:02 PDT 2016
START new backup script on Sun Mar 27 01:01:01 PDT 2016
    Starting to backup </home/bsb> to </media/InternalDrive/Backups/NpsDesktop/dailyodd/> at Sun Mar 27 01:01:01 PDT 2016
    END: Complted at Sun Mar 27 01:01:02 PDT 2016
START new backup script on Mon Mar 28 01:01:01 PDT 2016
    Starting to backup </home/bsb> to </media/InternalDrive/Backups/NpsDesktop/dailyodd/> at Mon Mar 28 01:01:01 PDT 2016
    END: Complted at Mon Mar 28 01:01:02 PDT 2016
START new backup script on Tue Mar 29 01:01:01 PDT 2016
    Starting to backup </home/bsb> to </media/InternalDrive/Backups/NpsDesktop/dailyodd/> at Tue Mar 29 01:01:01 PDT 2016
    END: Complted at Tue Mar 29 01:01:06 PDT 2016
START new backup script on Wed Mar 30 01:01:01 PDT 2016
    Starting to backup </home/bsb> to </media/InternalDrive/Backups/NpsDesktop/dailyodd/> at Wed Mar 30 01:01:01 PDT 2016
    END: Complted at Wed Mar 30 01:01:05 PDT 2016
START new backup script on Thu Mar 31 01:01:01 PDT 2016
    Starting to backup </home/bsb> to </media/InternalDrive/Backups/NpsDesktop/dailyodd/> at Thu Mar 31 01:01:01 PDT 2016
    END: Complted at Thu Mar 31 01:01:01 PDT 2016
START new backup script on Fri Apr  1 01:01:01 PDT 2016
    Starting to backup </home/bsb> to </media/InternalDrive/Backups/NpsDesktop/dailyeven/> at Fri Apr  1 01:01:01 PDT 2016
    END: Complted at Fri Apr  1 01:02:44 PDT 2016
START new backup script on Sat Apr  2 01:01:01 PDT 2016
    Starting to backup </home/bsb> to </media/InternalDrive/Backups/NpsDesktop/dailyeven/> at Sat Apr  2 01:01:01 PDT 2016
    END: Complted at Sat Apr  2 01:01:01 PDT 2016
START new backup script on Sun Apr  3 01:01:01 PDT 2016
    Starting to backup </home/bsb> to </media/InternalDrive/Backups/NpsDesktop/dailyeven/> at Sun Apr  3 01:01:01 PDT 2016
    END: Complted at Sun Apr  3 01:01:01 PDT 2016
START new backup script on Mon Apr  4 01:01:01 PDT 2016
    Starting to backup </home/bsb> to </media/InternalDrive/Backups/NpsDesktop/dailyeven/> at Mon Apr  4 01:01:01 PDT 2016
    END: Complted at Mon Apr  4 01:01:01 PDT 2016
START new backup script on Tue Apr  5 01:01:01 PDT 2016
    Starting to backup </home/bsb> to </media/InternalDrive/Backups/NpsDesktop/dailyeven/> at Tue Apr  5 01:01:01 PDT 2016
    END: Complted at Tue Apr  5 01:01:01 PDT 2016
START new backup script on Wed Apr  6 01:01:01 PDT 2016
    Starting to backup </home/bsb> to </media/InternalDrive/Backups/NpsDesktop/dailyeven/> at Wed Apr  6 01:01:01 PDT 2016
    END: Complted at Wed Apr  6 01:01:01 PDT 2016
START new backup script on Thu Apr  7 01:01:01 PDT 2016
    Starting to backup </home/bsb> to </media/InternalDrive/Backups/NpsDesktop/dailyeven/> at Thu Apr  7 01:01:01 PDT 2016
    END: Complted at Thu Apr  7 01:01:01 PDT 2016
START new backup script on Fri Apr  8 01:01:01 PDT 2016
    Starting to backup </home/bsb> to </media/InternalDrive/Backups/NpsDesktop/dailyeven/> at Fri Apr  8 01:01:01 PDT 2016
    END: Complted at Fri Apr  8 01:01:01 PDT 2016
START new backup script on Sat Apr  9 01:01:01 PDT 2016
    Starting to backup </home/bsb> to </media/InternalDrive/Backups/NpsDesktop/dailyeven/> at Sat Apr  9 01:01:01 PDT 2016
    END: Complted at Sat Apr  9 01:01:01 PDT 2016
START new backup script on Sun Apr 10 01:01:01 PDT 2016
    Starting to backup </home/bsb> to </media/InternalDrive/Backups/NpsDesktop/dailyeven/> at Sun Apr 10 01:01:01 PDT 2016
    END: Complted at Sun Apr 10 01:01:02 PDT 2016
START new backup script on Mon Apr 11 01:01:01 PDT 2016
    Starting to backup </home/bsb> to </media/InternalDrive/Backups/NpsDesktop/dailyeven/> at Mon Apr 11 01:01:01 PDT 2016
    END: Complted at Mon Apr 11 01:01:01 PDT 2016
START new backup script on Wed Jun  1 01:01:01 PDT 2016
    Starting to backup </home/bsb> to </media/InternalDrive/Backups/NpsDesktop/dailyeven/> at Wed Jun  1 01:01:01 PDT 2016
    END: Complted at Wed Jun  1 01:01:01 PDT 2016
START new backup script on Thu Jun  2 01:01:01 PDT 2016
    Starting to backup </home/bsb> to </media/InternalDrive/Backups/NpsDesktop/dailyeven/> at Thu Jun  2 01:01:01 PDT 2016
    END: Complted at Thu Jun  2 01:01:01 PDT 2016
START new backup script on Fri Jun  3 01:01:01 PDT 2016
    Starting to backup </home/bsb> to </media/InternalDrive/Backups/NpsDesktop/dailyeven/> at Fri Jun  3 01:01:01 PDT 2016
    END: Complted at Fri Jun  3 01:01:01 PDT 2016
START new backup script on Sat Jun  4 01:01:01 PDT 2016
    Starting to backup </home/bsb> to </media/InternalDrive/Backups/NpsDesktop/dailyeven/> at Sat Jun  4 01:01:01 PDT 2016
    END: Complted at Sat Jun  4 01:01:01 PDT 2016
START new backup script on Sun Jun  5 01:01:01 PDT 2016
    Starting to backup </home/bsb> to </media/InternalDrive/Backups/NpsDesktop/dailyeven/> at Sun Jun  5 01:01:01 PDT 2016
    END: Complted at Sun Jun  5 01:01:01 PDT 2016
START new backup script on Mon Jun  6 01:01:01 PDT 2016
    Starting to backup </home/bsb> to </media/InternalDrive/Backups/NpsDesktop/dailyeven/> at Mon Jun  6 01:01:01 PDT 2016
    END: Complted at Mon Jun  6 01:01:01 PDT 2016
START new backup script on Mon Jun  6 14:04:03 PDT 2016
    Starting to backup </home/bsb> to </media/InternalDrive/bsb/Backups/NpsDesktop/daily/> at Mon Jun  6 14:04:03 PDT 2016
    END: Complted at Mon Jun  6 14:06:05 PDT 2016
START new backup script on Tue Jun  7 01:01:01 PDT 2016
    Starting to backup </home/bsb> to </media/InternalDrive/bsb/Backups/NpsDesktop/dailyeven/> at Tue Jun  7 01:01:01 PDT 2016
    END: Complted at Tue Jun  7 01:01:25 PDT 2016
START new backup script on Wed Jun  8 01:01:01 PDT 2016
    Starting to backup </home/bsb> to </media/InternalDrive/bsb/Backups/NpsDesktop/dailyeven/> at Wed Jun  8 01:01:01 PDT 2016
    END: Complted at Wed Jun  8 01:01:02 PDT 2016
START new backup script on Thu Jun  9 01:01:01 PDT 2016
    Starting to backup </home/bsb> to </media/InternalDrive/bsb/Backups/NpsDesktop/dailyeven/> at Thu Jun  9 01:01:01 PDT 2016
    END: Complted at Thu Jun  9 01:01:02 PDT 2016
START new backup script on Fri Jun 10 01:01:01 PDT 2016
    Starting to backup </home/bsb> to </media/InternalDrive/bsb/Backups/NpsDesktop/dailyeven/> at Fri Jun 10 01:01:01 PDT 2016
    END: Complted at Fri Jun 10 01:01:04 PDT 2016
START new backup script on Sat Jun 11 01:01:01 PDT 2016
    Starting to backup </home/bsb> to </media/InternalDrive/bsb/Backups/NpsDesktop/dailyeven/> at Sat Jun 11 01:01:01 PDT 2016
    END: Complted at Sat Jun 11 01:01:05 PDT 2016
START new backup script on Sun Jun 12 01:01:01 PDT 2016
    Starting to backup </home/bsb> to </media/InternalDrive/bsb/Backups/NpsDesktop/dailyeven/> at Sun Jun 12 01:01:01 PDT 2016
    END: Complted at Sun Jun 12 01:01:02 PDT 2016
START new backup script on Mon Jun 13 01:01:01 PDT 2016
    Starting to backup </home/bsb> to </media/InternalDrive/bsb/Backups/NpsDesktop/dailyeven/> at Mon Jun 13 01:01:01 PDT 2016
    END: Complted at Mon Jun 13 01:01:01 PDT 2016
START new backup script on Tue Jun 14 01:01:01 PDT 2016
    Starting to backup </home/bsb> to </media/InternalDrive/bsb/Backups/NpsDesktop/dailyeven/> at Tue Jun 14 01:01:01 PDT 2016
    END: Complted at Tue Jun 14 01:01:01 PDT 2016
START new backup script on Wed Jun 15 01:01:01 PDT 2016
    Starting to backup </home/bsb> to </media/InternalDrive/bsb/Backups/NpsDesktop/dailyeven/> at Wed Jun 15 01:01:01 PDT 2016
    END: Complted at Wed Jun 15 01:01:01 PDT 2016
START new backup script on Thu Jun 16 01:01:01 PDT 2016
    Starting to backup </home/bsb> to </media/InternalDrive/bsb/Backups/NpsDesktop/dailyeven/> at Thu Jun 16 01:01:01 PDT 2016
    END: Complted at Thu Jun 16 01:01:02 PDT 2016
START new backup script on Fri Jun 17 01:01:01 PDT 2016
    Starting to backup </home/bsb> to </media/InternalDrive/bsb/Backups/NpsDesktop/dailyeven/> at Fri Jun 17 01:01:01 PDT 2016
    END: Complted at Fri Jun 17 01:01:01 PDT 2016
START new backup script on Sat Jun 18 01:01:01 PDT 2016
    Starting to backup </home/bsb> to </media/InternalDrive/bsb/Backups/NpsDesktop/dailyeven/> at Sat Jun 18 01:01:01 PDT 2016
    END: Complted at Sat Jun 18 01:01:01 PDT 2016
START new backup script on Sun Jun 19 01:01:01 PDT 2016
    Starting to backup </home/bsb> to </media/InternalDrive/bsb/Backups/NpsDesktop/dailyeven/> at Sun Jun 19 01:01:01 PDT 2016
    END: Complted at Sun Jun 19 01:01:01 PDT 2016
START new backup script on Mon Jun 20 01:01:01 PDT 2016
    Starting to backup </home/bsb> to </media/InternalDrive/bsb/Backups/NpsDesktop/dailyeven/> at Mon Jun 20 01:01:01 PDT 2016
    END: Complted at Mon Jun 20 01:01:01 PDT 2016
START new backup script on Tue Jun 21 01:01:01 PDT 2016
    Starting to backup </home/bsb> to </media/InternalDrive/bsb/Backups/NpsDesktop/dailyeven/> at Tue Jun 21 01:01:01 PDT 2016
    END: Complted at Tue Jun 21 01:01:01 PDT 2016
START new backup script on Wed Jun 22 01:01:01 PDT 2016
    Starting to backup </home/bsb> to </media/InternalDrive/bsb/Backups/NpsDesktop/dailyeven/> at Wed Jun 22 01:01:01 PDT 2016
    END: Complted at Wed Jun 22 01:01:03 PDT 2016
START new backup script on Thu Jun 23 01:01:01 PDT 2016
    Starting to backup </home/bsb> to </media/InternalDrive/bsb/Backups/NpsDesktop/dailyeven/> at Thu Jun 23 01:01:01 PDT 2016
    END: Complted at Thu Jun 23 01:01:01 PDT 2016
START new backup script on Fri Jun 24 01:01:01 PDT 2016
    Starting to backup </home/bsb> to </media/InternalDrive/bsb/Backups/NpsDesktop/dailyeven/> at Fri Jun 24 01:01:01 PDT 2016
    END: Complted at Fri Jun 24 01:01:01 PDT 2016
START new backup script on Sat Jun 25 01:01:01 PDT 2016
    Starting to backup </home/bsb> to </media/InternalDrive/bsb/Backups/NpsDesktop/dailyeven/> at Sat Jun 25 01:01:01 PDT 2016
    END: Complted at Sat Jun 25 01:01:01 PDT 2016
START new backup script on Wed Jun 29 01:01:01 PDT 2016
    Starting to backup </home/bsb> to </media/InternalDrive/bsb/Backups/NpsDesktop/dailyeven/> at Wed Jun 29 01:01:01 PDT 2016
    END: Complted at Wed Jun 29 01:01:03 PDT 2016
START new backup script on Thu Jun 30 01:01:01 PDT 2016
    Starting to backup </home/bsb> to </media/InternalDrive/bsb/Backups/NpsDesktop/dailyeven/> at Thu Jun 30 01:01:01 PDT 2016
    END: Complted at Thu Jun 30 01:01:04 PDT 2016
START new backup script on Fri Jul  1 01:01:01 PDT 2016
    Starting to backup </home/bsb> to </media/InternalDrive/bsb/Backups/NpsDesktop/dailyodd/> at Fri Jul  1 01:01:01 PDT 2016
    END: Complted at Fri Jul  1 01:01:22 PDT 2016
START new backup script on Sat Jul  2 01:01:01 PDT 2016
    Starting to backup </home/bsb> to </media/InternalDrive/bsb/Backups/NpsDesktop/dailyodd/> at Sat Jul  2 01:01:01 PDT 2016
    END: Complted at Sat Jul  2 01:01:05 PDT 2016
START new backup script on Sun Jul  3 01:01:01 PDT 2016
    Starting to backup </home/bsb> to </media/InternalDrive/bsb/Backups/NpsDesktop/dailyodd/> at Sun Jul  3 01:01:01 PDT 2016
    END: Complted at Sun Jul  3 01:01:02 PDT 2016
START new backup script on Mon Jul  4 01:01:01 PDT 2016
    Starting to backup </home/bsb> to </media/InternalDrive/bsb/Backups/NpsDesktop/dailyodd/> at Mon Jul  4 01:01:01 PDT 2016
    END: Complted at Mon Jul  4 01:01:01 PDT 2016
START new backup script on Tue Jul  5 01:01:01 PDT 2016
    Starting to backup </home/bsb> to </media/InternalDrive/bsb/Backups/NpsDesktop/dailyodd/> at Tue Jul  5 01:01:01 PDT 2016
    END: Complted at Tue Jul  5 01:01:02 PDT 2016
START new backup script on Wed Jul  6 01:01:01 PDT 2016
    Starting to backup </home/bsb> to </media/InternalDrive/bsb/Backups/NpsDesktop/dailyodd/> at Wed Jul  6 01:01:01 PDT 2016
    END: Complted at Wed Jul  6 01:01:01 PDT 2016
START new backup script on Thu Jul  7 01:01:01 PDT 2016
    Starting to backup </home/bsb> to </media/InternalDrive/bsb/Backups/NpsDesktop/dailyodd/> at Thu Jul  7 01:01:01 PDT 2016
    END: Complted at Thu Jul  7 01:01:01 PDT 2016
